

-------- Grammar --------

rule 1 program: PROGRAM ID LEFT_BRACKET function RIGHT_BRACKET
rule 2 function: FUNCTION function_type LEFT_PARENTHESIS parameter_list RIGHT_PARENTHESIS
rule 3 function_type: ID
rule 4 function_type: ORIGIN
rule 5 parameter_list: 
rule 6 parameter_list: ID parameter_list1 ID
rule 7 @1: 
rule 8 @2: 
rule 9 parameter_list1: COMMA @1 block LEFT_BRACKET instruction_list RIGHT_BRACKET @2 instruction_list
rule 10 parameter_list1: instruction instruction_list
rule 11 @3: 
rule 12 @4: 
rule 13 instruction: var_declaration @3 var_declaration VAR ID var_declaration_list SEMICOLON @4 var_declaration_list var_declaration_list1
rule 14 @5: 
rule 15 instruction: OP_ASSIGN var_options var_declaration_list1 @5 var_declaration_list1
rule 16 @6: 
rule 17 @7: 
rule 18 instruction: COMMA ID var_declaration_list @6 var_assign var_value OP_ASSIGN var_options SEMICOLON @7 var_options constant
rule 19 @8: 
rule 20 instruction: var_value @8 constant CST_STRING
rule 21 instruction: CST_INTEGER
rule 22 instruction: CST_DECIMAL
rule 23 @9: 
rule 24 @10: 
rule 25 instruction: CST_BOOLEAN @9 var_value ID array_access @10 array_access

------- Symbols -------

**Nonterminals, with rules where they appear

  $start (28)
    on right: 
    on left : 
  program (29)
    on right: 
    on left : 1
  function (30)
    on right: 1
    on left : 2
  function_type (31)
    on right: 2
    on left : 3 4
  parameter_list (32)
    on right: 2
    on left : 5 6
  parameter_list1 (33)
    on right: 6
    on left : 9 10
  instruction (34)
    on right: 10
    on left : 13 15 18 20 21 22 25
  @1 (35)
    on right: 9
    on left : 7
  @2 (36)
    on right: 9
    on left : 8
  @3 (37)
    on right: 13
    on left : 11
  @4 (38)
    on right: 13
    on left : 12
  @5 (39)
    on right: 15
    on left : 14
  @6 (40)
    on right: 18
    on left : 16
  @7 (41)
    on right: 18
    on left : 17
  @8 (42)
    on right: 20
    on left : 19
  @9 (43)
    on right: 25
    on left : 23
  @10 (44)
    on right: 25
    on left : 24

**Terminals, with rules where they appear

  $end (0) 
  error (1) 
  PROGRAM (2) 1
  ID (3) 1 3 6 13 18 25
  LEFT_BRACKET (4) 1 9
  RIGHT_BRACKET (5) 1 9
  FUNCTION (6) 2
  LEFT_PARENTHESIS (7) 2
  RIGHT_PARENTHESIS (8) 2
  ORIGIN (9) 4
  COMMA (10) 9 18
  block (11) 9
  instruction_list (12) 9 10
  var_declaration (13) 13
  VAR (14) 13
  var_declaration_list (15) 13 18
  SEMICOLON (16) 13 18
  var_declaration_list1 (17) 13 15
  OP_ASSIGN (18) 15 18
  var_options (19) 15 18
  var_assign (20) 18
  var_value (21) 18 20 25
  constant (22) 18 20
  CST_STRING (23) 20
  CST_INTEGER (24) 21
  CST_DECIMAL (25) 22
  CST_BOOLEAN (26) 25
  array_access (27) 25

--------- State ---------

state 0


  PROGRAM       shift, and go to state 2

  program       go to state 1

state 1


  $end          shift, and go to state 3


state 2

   1) program : PROGRAM _ ID LEFT_BRACKET function RIGHT_BRACKET

  ID            shift, and go to state 4


state 3


  $end          shift, and go to state 5


state 4

   1) program : PROGRAM ID _ LEFT_BRACKET function RIGHT_BRACKET

  LEFT_BRACKET  shift, and go to state 6


state 5


  $default      accept


state 6

   1) program : PROGRAM ID LEFT_BRACKET _ function RIGHT_BRACKET

  FUNCTION      shift, and go to state 8

  function      go to state 7

state 7

   1) program : PROGRAM ID LEFT_BRACKET function _ RIGHT_BRACKET

  RIGHT_BRACKET  shift, and go to state 9


state 8

   2) function : FUNCTION _ function_type LEFT_PARENTHESIS parameter_list RIGHT_PARENTHESIS

  ID            shift, and go to state 11
  ORIGIN        shift, and go to state 12

  function_type  go to state 10

state 9

   1) program : PROGRAM ID LEFT_BRACKET function RIGHT_BRACKET _

  $default      reduce using rule 1 (program)


state 10

   2) function : FUNCTION function_type _ LEFT_PARENTHESIS parameter_list RIGHT_PARENTHESIS

  LEFT_PARENTHESIS  shift, and go to state 13


state 11

   3) function_type : ID _

  $default      reduce using rule 3 (function_type)


state 12

   4) function_type : ORIGIN _

  $default      reduce using rule 4 (function_type)


state 13

   2) function : FUNCTION function_type LEFT_PARENTHESIS _ parameter_list RIGHT_PARENTHESIS

  ID            shift, and go to state 15
  $default      reduce using rule 5 (parameter_list)

  parameter_list  go to state 14

state 14

   2) function : FUNCTION function_type LEFT_PARENTHESIS parameter_list _ RIGHT_PARENTHESIS

  RIGHT_PARENTHESIS  shift, and go to state 16


state 15

   6) parameter_list : ID _ parameter_list1 ID

  COMMA         shift, and go to state 18
  var_declaration  shift, and go to state 20
  OP_ASSIGN     shift, and go to state 21
  var_value     shift, and go to state 22
  CST_INTEGER   shift, and go to state 23
  CST_DECIMAL   shift, and go to state 24
  CST_BOOLEAN   shift, and go to state 25

  parameter_list1  go to state 17
  instruction   go to state 19

state 16

   2) function : FUNCTION function_type LEFT_PARENTHESIS parameter_list RIGHT_PARENTHESIS _

  $default      reduce using rule 2 (function)


state 17

   6) parameter_list : ID parameter_list1 _ ID

  ID            shift, and go to state 26


state 18

   9) parameter_list1 : COMMA _ @1 block LEFT_BRACKET instruction_list RIGHT_BRACKET @2 instruction_list
  18) instruction : COMMA _ ID var_declaration_list @6 var_assign var_value OP_ASSIGN var_options SEMICOLON @7 var_options constant

  ID            shift, and go to state 28
  $default      reduce using rule 7 (@1)

  @1            go to state 27

state 19

  10) parameter_list1 : instruction _ instruction_list

  instruction_list  shift, and go to state 29


state 20

  13) instruction : var_declaration _ @3 var_declaration VAR ID var_declaration_list SEMICOLON @4 var_declaration_list var_declaration_list1

  $default      reduce using rule 11 (@3)

  @3            go to state 30

state 21

  15) instruction : OP_ASSIGN _ var_options var_declaration_list1 @5 var_declaration_list1

  var_options   shift, and go to state 31


state 22

  20) instruction : var_value _ @8 constant CST_STRING

  $default      reduce using rule 19 (@8)

  @8            go to state 32

state 23

  21) instruction : CST_INTEGER _

  $default      reduce using rule 21 (instruction)


state 24

  22) instruction : CST_DECIMAL _

  $default      reduce using rule 22 (instruction)


state 25

  25) instruction : CST_BOOLEAN _ @9 var_value ID array_access @10 array_access

  $default      reduce using rule 23 (@9)

  @9            go to state 33

state 26

   6) parameter_list : ID parameter_list1 ID _

  $default      reduce using rule 6 (parameter_list)


state 27

   9) parameter_list1 : COMMA @1 _ block LEFT_BRACKET instruction_list RIGHT_BRACKET @2 instruction_list

  block         shift, and go to state 34


state 28

  18) instruction : COMMA ID _ var_declaration_list @6 var_assign var_value OP_ASSIGN var_options SEMICOLON @7 var_options constant

  var_declaration_list  shift, and go to state 35


state 29

  10) parameter_list1 : instruction instruction_list _

  $default      reduce using rule 10 (parameter_list1)


state 30

  13) instruction : var_declaration @3 _ var_declaration VAR ID var_declaration_list SEMICOLON @4 var_declaration_list var_declaration_list1

  var_declaration  shift, and go to state 36


state 31

  15) instruction : OP_ASSIGN var_options _ var_declaration_list1 @5 var_declaration_list1

  var_declaration_list1  shift, and go to state 37


state 32

  20) instruction : var_value @8 _ constant CST_STRING

  constant      shift, and go to state 38


state 33

  25) instruction : CST_BOOLEAN @9 _ var_value ID array_access @10 array_access

  var_value     shift, and go to state 39


state 34

   9) parameter_list1 : COMMA @1 block _ LEFT_BRACKET instruction_list RIGHT_BRACKET @2 instruction_list

  LEFT_BRACKET  shift, and go to state 40


state 35

  18) instruction : COMMA ID var_declaration_list _ @6 var_assign var_value OP_ASSIGN var_options SEMICOLON @7 var_options constant

  $default      reduce using rule 16 (@6)

  @6            go to state 41

state 36

  13) instruction : var_declaration @3 var_declaration _ VAR ID var_declaration_list SEMICOLON @4 var_declaration_list var_declaration_list1

  VAR           shift, and go to state 42


state 37

  15) instruction : OP_ASSIGN var_options var_declaration_list1 _ @5 var_declaration_list1

  $default      reduce using rule 14 (@5)

  @5            go to state 43

state 38

  20) instruction : var_value @8 constant _ CST_STRING

  CST_STRING    shift, and go to state 44


state 39

  25) instruction : CST_BOOLEAN @9 var_value _ ID array_access @10 array_access

  ID            shift, and go to state 45


state 40

   9) parameter_list1 : COMMA @1 block LEFT_BRACKET _ instruction_list RIGHT_BRACKET @2 instruction_list

  instruction_list  shift, and go to state 46


state 41

  18) instruction : COMMA ID var_declaration_list @6 _ var_assign var_value OP_ASSIGN var_options SEMICOLON @7 var_options constant

  var_assign    shift, and go to state 47


state 42

  13) instruction : var_declaration @3 var_declaration VAR _ ID var_declaration_list SEMICOLON @4 var_declaration_list var_declaration_list1

  ID            shift, and go to state 48


state 43

  15) instruction : OP_ASSIGN var_options var_declaration_list1 @5 _ var_declaration_list1

  var_declaration_list1  shift, and go to state 49


state 44

  20) instruction : var_value @8 constant CST_STRING _

  $default      reduce using rule 20 (instruction)


state 45

  25) instruction : CST_BOOLEAN @9 var_value ID _ array_access @10 array_access

  array_access  shift, and go to state 50


state 46

   9) parameter_list1 : COMMA @1 block LEFT_BRACKET instruction_list _ RIGHT_BRACKET @2 instruction_list

  RIGHT_BRACKET  shift, and go to state 51


state 47

  18) instruction : COMMA ID var_declaration_list @6 var_assign _ var_value OP_ASSIGN var_options SEMICOLON @7 var_options constant

  var_value     shift, and go to state 52


state 48

  13) instruction : var_declaration @3 var_declaration VAR ID _ var_declaration_list SEMICOLON @4 var_declaration_list var_declaration_list1

  var_declaration_list  shift, and go to state 53


state 49

  15) instruction : OP_ASSIGN var_options var_declaration_list1 @5 var_declaration_list1 _

  $default      reduce using rule 15 (instruction)


state 50

  25) instruction : CST_BOOLEAN @9 var_value ID array_access _ @10 array_access

  $default      reduce using rule 24 (@10)

  @10           go to state 54

state 51

   9) parameter_list1 : COMMA @1 block LEFT_BRACKET instruction_list RIGHT_BRACKET _ @2 instruction_list

  $default      reduce using rule 8 (@2)

  @2            go to state 55

state 52

  18) instruction : COMMA ID var_declaration_list @6 var_assign var_value _ OP_ASSIGN var_options SEMICOLON @7 var_options constant

  OP_ASSIGN     shift, and go to state 56


state 53

  13) instruction : var_declaration @3 var_declaration VAR ID var_declaration_list _ SEMICOLON @4 var_declaration_list var_declaration_list1

  SEMICOLON     shift, and go to state 57


state 54

  25) instruction : CST_BOOLEAN @9 var_value ID array_access @10 _ array_access

  array_access  shift, and go to state 58


state 55

   9) parameter_list1 : COMMA @1 block LEFT_BRACKET instruction_list RIGHT_BRACKET @2 _ instruction_list

  instruction_list  shift, and go to state 59


state 56

  18) instruction : COMMA ID var_declaration_list @6 var_assign var_value OP_ASSIGN _ var_options SEMICOLON @7 var_options constant

  var_options   shift, and go to state 60


state 57

  13) instruction : var_declaration @3 var_declaration VAR ID var_declaration_list SEMICOLON _ @4 var_declaration_list var_declaration_list1

  $default      reduce using rule 12 (@4)

  @4            go to state 61

state 58

  25) instruction : CST_BOOLEAN @9 var_value ID array_access @10 array_access _

  $default      reduce using rule 25 (instruction)


state 59

   9) parameter_list1 : COMMA @1 block LEFT_BRACKET instruction_list RIGHT_BRACKET @2 instruction_list _

  $default      reduce using rule 9 (parameter_list1)


state 60

  18) instruction : COMMA ID var_declaration_list @6 var_assign var_value OP_ASSIGN var_options _ SEMICOLON @7 var_options constant

  SEMICOLON     shift, and go to state 62


state 61

  13) instruction : var_declaration @3 var_declaration VAR ID var_declaration_list SEMICOLON @4 _ var_declaration_list var_declaration_list1

  var_declaration_list  shift, and go to state 63


state 62

  18) instruction : COMMA ID var_declaration_list @6 var_assign var_value OP_ASSIGN var_options SEMICOLON _ @7 var_options constant

  $default      reduce using rule 17 (@7)

  @7            go to state 64

state 63

  13) instruction : var_declaration @3 var_declaration VAR ID var_declaration_list SEMICOLON @4 var_declaration_list _ var_declaration_list1

  var_declaration_list1  shift, and go to state 65


state 64

  18) instruction : COMMA ID var_declaration_list @6 var_assign var_value OP_ASSIGN var_options SEMICOLON @7 _ var_options constant

  var_options   shift, and go to state 66


state 65

  13) instruction : var_declaration @3 var_declaration VAR ID var_declaration_list SEMICOLON @4 var_declaration_list var_declaration_list1 _

  $default      reduce using rule 13 (instruction)


state 66

  18) instruction : COMMA ID var_declaration_list @6 var_assign var_value OP_ASSIGN var_options SEMICOLON @7 var_options _ constant

  constant      shift, and go to state 67


state 67

  18) instruction : COMMA ID var_declaration_list @6 var_assign var_value OP_ASSIGN var_options SEMICOLON @7 var_options constant _

  $default      reduce using rule 18 (instruction)

